\BOOKMARK [0][-]{chapter*.1}{\376\377\000A\000b\000s\000t\000r\000a\000c\000t}{}% 1
\BOOKMARK [0][-]{chapter*.2}{\376\377\000C\000o\000n\000t\000e\000n\000t\000s}{}% 2
\BOOKMARK [0][-]{chapter*.3}{\376\377\000L\000i\000s\000t\000\040\000o\000f\000\040\000F\000i\000g\000u\000r\000e\000s}{}% 3
\BOOKMARK [0][-]{chapter*.4}{\376\377\000L\000i\000s\000t\000\040\000o\000f\000\040\000T\000a\000b\000l\000e\000s}{}% 4
\BOOKMARK [0][-]{chapter.1}{\376\377\000I\000n\000t\000r\000o\000d\000u\000c\000t\000i\000o\000n}{}% 5
\BOOKMARK [1][-]{subsection.1.0.1}{\376\377\000F\000N\000s\000\040\000s\000u\000s\000t\000a\000i\000n\000a\000b\000i\000l\000i\000t\000y\000\040\000g\000o\000a\000l\000s}{chapter.1}% 6
\BOOKMARK [2][-]{subsection.1.0.2}{\376\377\000B\000a\000c\000k\000g\000r\000o\000u\000n\000d\000\040\000a\000n\000d\000\040\000m\000o\000t\000i\000v\000a\000t\000i\000o\000n}{subsection.1.0.1}% 7
\BOOKMARK [2][-]{subsection.1.0.3}{\376\377\000R\000e\000s\000e\000a\000r\000c\000h\000\040\000p\000r\000o\000b\000l\000e\000m}{subsection.1.0.1}% 8
\BOOKMARK [2][-]{subsection.1.0.4}{\376\377\000R\000e\000s\000e\000a\000r\000c\000h\000\040\000o\000b\000j\000e\000c\000t\000i\000v\000e\000s}{subsection.1.0.1}% 9
\BOOKMARK [2][-]{subsection.1.0.5}{\376\377\000R\000e\000s\000e\000a\000r\000c\000h\000\040\000q\000u\000e\000s\000t\000i\000o\000n\000s}{subsection.1.0.1}% 10
\BOOKMARK [0][-]{chapter.2}{\376\377\000L\000i\000t\000e\000r\000a\000t\000u\000r\000e\000\040\000R\000e\000v\000i\000e\000w}{}% 11
\BOOKMARK [1][-]{subsection.2.0.1}{\376\377\000O\000r\000b\000i\000t\000\040\000p\000r\000o\000p\000a\000g\000a\000t\000i\000o\000n\000\040\000m\000e\000t\000h\000o\000d\000s}{chapter.2}% 12
\BOOKMARK [2][-]{subsection.2.0.2}{\376\377\000A\000t\000m\000o\000s\000p\000h\000e\000r\000i\000c\000\040\000o\000r\000b\000i\000t\000a\000l\000\040\000p\000e\000r\000t\000u\000r\000b\000a\000t\000i\000o\000n}{subsection.2.0.1}% 13
\BOOKMARK [2][-]{subsection.2.0.3}{\376\377\000F\000o\000r\000m\000a\000t\000i\000o\000n\000\040\000f\000l\000y\000i\000n\000g}{subsection.2.0.1}% 14
\BOOKMARK [2][-]{subsection.2.0.4}{\376\377\000S\000p\000a\000c\000e\000c\000r\000a\000f\000t\000\040\000L\000i\000f\000e\000t\000i\000m\000e\000\040\000a\000n\000d\000\040\000P\000o\000w\000e\000r\000\040\000M\000o\000d\000e\000l\000i\000n\000g}{subsection.2.0.1}% 15
\BOOKMARK [2][-]{subsection.2.0.5}{\376\377\000C\000u\000b\000e\000S\000a\000t\000\040\000c\000o\000m\000p\000o\000n\000e\000n\000t\000s}{subsection.2.0.1}% 16
\BOOKMARK [0][-]{chapter.3}{\376\377\000B\000a\000c\000k\000g\000r\000o\000u\000n\000d\000\040\000T\000h\000e\000o\000r\000y}{}% 17
\BOOKMARK [1][-]{section.3.1}{\376\377\000R\000e\000f\000e\000r\000e\000n\000c\000e\000\040\000f\000r\000a\000m\000e\000s}{chapter.3}% 18
\BOOKMARK [2][-]{subsection.3.1.1}{\376\377\000E\000C\000I}{section.3.1}% 19
\BOOKMARK [2][-]{subsection.3.1.2}{\376\377\000R\000T\000N}{section.3.1}% 20
\BOOKMARK [2][-]{subsection.3.1.3}{\376\377\000E\000C\000E\000F}{section.3.1}% 21
\BOOKMARK [2][-]{subsection.3.1.4}{\376\377\000B\000o\000d\000y}{section.3.1}% 22
\BOOKMARK [1][-]{section.3.2}{\376\377\000M\000o\000d\000i\000f\000i\000e\000d\000\040\000R\000o\000d\000r\000i\000g\000u\000e\000s\000\040\000p\000a\000r\000a\000m\000e\000t\000e\000r\000s}{chapter.3}% 23
\BOOKMARK [2][-]{subsection.3.2.1}{\376\377\000C\000l\000a\000s\000s\000i\000c\000\040\000O\000r\000b\000i\000t\000a\000l\000\040\000e\000l\000e\000m\000e\000n\000t\000s}{section.3.2}% 24
\BOOKMARK [1][-]{section.3.3}{\376\377\000O\000r\000b\000i\000t\000a\000l\000\040\000p\000e\000r\000t\000u\000r\000b\000a\000t\000i\000o\000n\000s}{chapter.3}% 25
\BOOKMARK [2][-]{subsection.3.3.1}{\376\377\000S\000p\000h\000e\000r\000i\000c\000a\000l\000\040\000h\000a\000r\000m\000o\000n\000i\000c\000s}{section.3.3}% 26
\BOOKMARK [2][-]{subsection.3.3.2}{\376\377\000A\000t\000m\000o\000s\000p\000h\000e\000r\000i\000c\000\040\000d\000r\000a\000g}{section.3.3}% 27
\BOOKMARK [2][-]{subsection.3.3.3}{\376\377\000N\000R\000L\000M\000S\000I\000S\000E\000-\0000\0000\000\040\000\050\000M\000S\000I\000S\000\051\000\040\000A\000t\000m\000o\000s\000p\000h\000e\000r\000e\000\040\000m\000o\000d\000e\000l}{section.3.3}% 28
\BOOKMARK [2][-]{subsection.3.3.4}{\376\377\000S\000o\000l\000a\000r\000\040\000r\000a\000d\000i\000a\000t\000i\000o\000n\000\040\000p\000r\000e\000s\000s\000u\000r\000e}{section.3.3}% 29
\BOOKMARK [2][-]{subsection.3.3.5}{\376\377\000T\000h\000i\000r\000d\000-\000B\000o\000d\000y\000\040\000P\000e\000r\000t\000u\000r\000b\000a\000t\000i\000o\000n\000s}{section.3.3}% 30
\BOOKMARK [2][-]{subsection.3.3.6}{\376\377\000R\000e\000l\000a\000t\000i\000v\000e\000\040\000s\000i\000g\000n\000i\000f\000i\000c\000a\000n\000c\000e\000\040\000i\000n\000\040\000L\000E\000O}{section.3.3}% 31
\BOOKMARK [1][-]{section.3.4}{\376\377\000F\000o\000r\000m\000a\000t\000i\000o\000n\000\040\000f\000l\000y\000i\000n\000g\000\040\000d\000y\000n\000a\000m\000i\000c\000s}{chapter.3}% 32
\BOOKMARK [1][-]{section.3.5}{\376\377\000D\000i\000f\000f\000e\000r\000e\000n\000t\000i\000a\000l\000\040\000p\000e\000r\000t\000u\000r\000b\000a\000t\000i\000o\000n\000\040\000e\000f\000f\000e\000c\000t\000s}{chapter.3}% 33
\BOOKMARK [1][-]{section.3.6}{\376\377\000S\000p\000a\000c\000e\000c\000r\000a\000f\000t\000\040\000s\000u\000b\000s\000y\000s\000t\000e\000m\000s}{chapter.3}% 34
\BOOKMARK [2][-]{subsection.3.6.1}{\376\377\000R\000e\000a\000c\000t\000i\000o\000n\000\040\000W\000h\000e\000e\000l\000s}{section.3.6}% 35
\BOOKMARK [2][-]{subsection.3.6.2}{\376\377\000C\000o\000l\000d\000\040\000g\000a\000s\000\040\000t\000h\000r\000u\000s\000t\000e\000r\000s}{section.3.6}% 36
\BOOKMARK [2][-]{subsection.3.6.3}{\376\377\000S\000o\000l\000a\000r\000\040\000p\000a\000n\000e\000l\000s}{section.3.6}% 37
\BOOKMARK [2][-]{subsection.3.6.4}{\376\377\000C\000o\000m\000m\000u\000n\000i\000c\000a\000t\000i\000o\000n\000\040\000a\000n\000t\000e\000n\000n\000a}{section.3.6}% 38
\BOOKMARK [1][-]{section.3.7}{\376\377\000G\000N\000S\000S\000-\000R\000\040\000o\000p\000e\000r\000a\000t\000i\000o\000n\000s}{chapter.3}% 39
\BOOKMARK [2][-]{subsection.3.7.1}{\376\377\000P\000o\000i\000n\000t\000i\000n\000g\000\040\000r\000e\000q\000u\000i\000r\000e\000m\000e\000n\000t\000s}{section.3.7}% 40
\BOOKMARK [2][-]{subsection.3.7.2}{\376\377\000F\000o\000r\000m\000a\000t\000i\000o\000n\000\040\000c\000o\000n\000s\000t\000r\000a\000i\000n\000t\000s}{section.3.7}% 41
\BOOKMARK [1][-]{section.3.8}{\376\377\000S\000i\000m\000p\000l\000i\000f\000i\000e\000d\000\040\000G\000e\000n\000e\000r\000a\000l\000\040\000P\000e\000r\000t\000u\000r\000b\000a\000t\000i\000o\000n\000s\000\040\0004\000\040\000\050\000S\000G\000P\0004\000\051}{chapter.3}% 42
\BOOKMARK [0][-]{chapter.4}{\376\377\000M\000e\000t\000h\000o\000d\000o\000l\000o\000g\000y}{}% 43
\BOOKMARK [0][-]{chapter.5}{\376\377\000R\000e\000s\000u\000l\000t\000s}{}% 44
\BOOKMARK [0][-]{chapter.6}{\376\377\000D\000i\000s\000c\000u\000s\000s\000i\000o\000n}{}% 45
\BOOKMARK [0][-]{chapter.7}{\376\377\000C\000o\000n\000c\000l\000u\000s\000i\000o\000n\000s}{}% 46
\BOOKMARK [1][-]{section.7.1}{\376\377\000C\000o\000n\000c\000l\000u\000s\000i\000o\000n}{chapter.7}% 47
\BOOKMARK [0][-]{section.7.1}{\376\377\000R\000e\000f\000e\000r\000e\000n\000c\000e\000s}{}% 48
\BOOKMARK [0][-]{chapter*.6}{\376\377\000A\000p\000p\000e\000n\000d\000i\000c\000e\000s\000:}{}% 49
\BOOKMARK [0][-]{appendix*.7}{\376\377\000A\000\040\000-\000\040\000G\000i\000t\000h\000u\000b\000\040\000r\000e\000p\000o\000s\000i\000t\000o\000r\000y}{}% 50
\BOOKMARK [0][-]{appendix*.10}{\376\377\000B\000\040\000-\000\040\000N\000u\000m\000e\000r\000i\000c\000a\000l\000\040\000V\000a\000l\000u\000e\000s}{}% 51
